<?xml version="1.0"?>
<testsuites>
  <testsuite name="Chrome 39.0.2171 (Linux)" package="unit" timestamp="2014-12-13T14:27:16" id="0" hostname="diego-xubuntu" tests="0" errors="1" failures="0" time="0">
    <properties>
      <property name="browser.fullName" value="Mozilla/5.0 (X11; Linux x86_64) AppleWebKit/537.36 (KHTML, like Gecko) Chrome/39.0.2171.95 Safari/537.36"/>
    </properties>
    <system-out><![CDATA[
]]></system-out>
    <system-err/>
  </testsuite>
</testsuites>
